\BOOKMARK [-1][]{ctitle.-1}{\376\377\127\372\116\216\165\050\142\067\133\232\117\115\166\204\136\177\124\112\142\225\145\076\147\015\122\241\170\024\172\166}{}% 1
\BOOKMARK [0][]{thuchapter.1.0}{\376\377\144\130\000\040\211\201}{ctitle.-1}% 2
\BOOKMARK [0][]{thuchapter.2.0}{\376\377\000A\000b\000s\000t\000r\000a\000c\000t}{ctitle.-1}% 3
\BOOKMARK [0][]{thuchapter.3.0}{\376\377\166\356\000\040\137\125}{ctitle.-1}% 4
\BOOKMARK [0][]{thuchapter.4.0}{\376\377\116\073\211\201\173\046\123\367\133\371\161\147\210\150}{ctitle.-1}% 5
\BOOKMARK [0][]{chapter.1}{\376\377\173\054\0001\172\340\000\040\137\025\212\000}{ctitle.-1}% 6
\BOOKMARK [1][-]{section.1.1}{\376\377\0001\000.\0001\000\040\170\024\172\166\200\314\146\157}{chapter.1}% 7
\BOOKMARK [2][-]{subsection.1.1.1}{\376\377\0001\000.\0001\000.\0001\000\040\133\232\117\115\225\356\230\230}{section.1.1}% 8
\BOOKMARK [2][-]{subsection.1.1.2}{\376\377\0001\000.\0001\000.\0002\000\040\136\177\124\112\142\225\145\076\225\356\230\230}{section.1.1}% 9
\BOOKMARK [1][-]{section.1.2}{\376\377\0001\000.\0002\000\040\133\232\117\115\116\016\136\177\124\112\142\225\145\076\173\227\154\325\166\204\170\024\172\166\163\260\162\266}{chapter.1}% 10
\BOOKMARK [2][-]{subsection.1.2.1}{\376\377\0001\000.\0002\000.\0001\000\040\133\232\117\115\145\271\154\325\166\204\170\024\172\166\163\260\162\266}{section.1.2}% 11
\BOOKMARK [2][-]{subsection.1.2.2}{\376\377\0001\000.\0002\000.\0002\000\040\136\177\124\112\143\250\220\001\173\227\154\325\166\204\170\024\172\166\163\260\162\266}{section.1.2}% 12
\BOOKMARK [1][-]{section.1.3}{\376\377\0001\000.\0003\000\040\213\272\145\207\116\073\211\201\170\024\172\166\121\205\133\271\123\312\176\304\176\307\176\323\147\204}{chapter.1}% 13
\BOOKMARK [0][]{chapter.2}{\376\377\173\054\0002\172\340\000\040\127\372\116\216\165\050\142\067\133\232\117\115\166\204\136\177\124\112\142\225\145\076\147\015\122\241\174\373\176\337\147\266\147\204}{ctitle.-1}% 14
\BOOKMARK [1][-]{section.2.1}{\376\377\0002\000.\0001\000\040\140\073\117\123\174\373\176\337\176\323\147\204}{chapter.2}% 15
\BOOKMARK [1][-]{section.2.2}{\376\377\0002\000.\0002\000\040\136\177\124\112\147\015\122\241\126\150\174\373\176\337\147\266\147\204}{chapter.2}% 16
\BOOKMARK [0][]{chapter.3}{\376\377\173\054\0003\172\340\000\040\127\372\116\216\143\245\145\066\117\341\123\367\137\072\136\246\166\204\121\340\117\125\152\041\127\213\123\321\134\004\156\220\133\232\117\115\173\227\154\325}{ctitle.-1}% 17
\BOOKMARK [1][-]{section.3.1}{\376\377\0003\000.\0001\000\040\215\357\137\204\143\137\200\027\152\041\127\213\124\214\117\060\213\241\126\150}{chapter.3}% 18
\BOOKMARK [2][-]{subsection.3.1.1}{\376\377\0003\000.\0001\000.\0001\000\040\215\357\137\204\143\137\200\027\152\041\127\213}{section.3.1}% 19
\BOOKMARK [2][-]{subsection.3.1.2}{\376\377\0003\000.\0001\000.\0002\000\040\117\040\176\337\147\000\131\047\117\074\161\066\117\060\213\241\126\150}{section.3.1}% 20
\BOOKMARK [2][-]{subsection.3.1.3}{\376\377\0003\000.\0001\000.\0003\000\040\127\372\116\216\121\340\117\125\166\204\152\041\127\213}{section.3.1}% 21
\BOOKMARK [1][-]{section.3.2}{\376\377\0003\000.\0002\000\040\121\113\142\311\177\216\177\127\116\013\165\114\377\010\000C\000r\000a\000m\000\351\000r\000-\000R\000a\000o\000\040\000L\000o\000w\000e\000r\000\040\000B\000o\000u\000n\000d\000,\000\040\000C\000R\000L\000B\377\011}{chapter.3}% 22
\BOOKMARK [2][-]{subsection.3.2.1}{\376\377\0003\000.\0002\000.\0001\000\040\145\340\120\117\117\060\213\241\166\204\000C\000R\000L\000B}{section.3.2}% 23
\BOOKMARK [2][-]{subsection.3.2.2}{\376\377\0003\000.\0002\000.\0002\000\040\147\011\120\117\117\060\213\241\166\204\000C\000R\000L\000B}{section.3.2}% 24
\BOOKMARK [1][-]{section.3.3}{\376\377\0003\000.\0003\000\040\000R\000M\000S\000E\166\204\177\156\117\341\123\072\225\364}{chapter.3}% 25
\BOOKMARK [1][-]{section.3.4}{\376\377\0003\000.\0004\000\040\145\160\120\074\116\377\167\037\133\236\232\214}{chapter.3}% 26
\BOOKMARK [2][-]{subsection.3.4.1}{\376\377\0003\000.\0004\000.\0001\000\040\116\377\167\037\127\072\146\157\116\016\117\060\213\241\126\150\213\276\177\156}{section.3.4}% 27
\BOOKMARK [2][-]{subsection.3.4.2}{\376\377\0003\000.\0004\000.\0002\000\040\116\377\167\037\176\323\147\234}{section.3.4}% 28
\BOOKMARK [1][-]{section.3.5}{\376\377\0003\000.\0005\000\040\133\236\155\113\145\160\143\156\232\214\213\301}{chapter.3}% 29
\BOOKMARK [2][-]{subsection.3.5.1}{\376\377\0003\000.\0005\000.\0001\000\040\145\160\143\156\116\313\176\315}{section.3.5}% 30
\BOOKMARK [2][-]{subsection.3.5.2}{\376\377\0003\000.\0005\000.\0002\000\040\133\236\155\113\145\160\143\156\133\236\232\214\176\323\147\234}{section.3.5}% 31
\BOOKMARK [1][-]{section.3.6}{\376\377\0003\000.\0006\000\040\147\054\172\340\134\017\176\323}{chapter.3}% 32
\BOOKMARK [0][]{chapter.4}{\376\377\173\054\0004\172\340\000\040\127\372\116\216\146\374\124\310\230\177\122\007\176\277\215\335\171\273\166\204\143\007\176\271\133\232\117\115\173\227\154\325}{ctitle.-1}% 33
\BOOKMARK [1][-]{section.4.1}{\376\377\0004\000.\0001\000\040\143\007\176\271\133\232\117\115\116\055\166\204\136\070\165\050\215\335\171\273\136\246\221\317\145\271\137\017}{chapter.4}% 34
\BOOKMARK [2][-]{subsection.4.1.1}{\376\377\0004\000.\0001\000.\0001\000\040\136\070\211\301\136\246\221\317\145\271\137\017}{section.4.1}% 35
\BOOKMARK [2][-]{subsection.4.1.2}{\376\377\0004\000.\0001\000.\0002\000\040\136\070\165\050\136\246\221\317\145\271\137\017\166\204\137\012\172\357}{section.4.1}% 36
\BOOKMARK [1][-]{section.4.2}{\376\377\0004\000.\0002\000\040\143\007\176\271\133\232\117\115\116\055\166\204\122\007\176\277\215\335\171\273}{chapter.4}% 37
\BOOKMARK [2][-]{subsection.4.2.1}{\376\377\0004\000.\0002\000.\0001\000\040\153\047\137\017\122\007\176\277\215\335\171\273}{section.4.2}% 38
\BOOKMARK [2][-]{subsection.4.2.2}{\376\377\0004\000.\0002\000.\0002\000\040\146\374\124\310\230\177\122\007\176\277\215\335\171\273}{section.4.2}% 39
\BOOKMARK [2][-]{subsection.4.2.3}{\376\377\0004\000.\0002\000.\0003\000\040\117\116\213\241\173\227\131\015\147\102\136\246\166\204\217\321\117\074\211\343\154\325}{section.4.2}% 40
\BOOKMARK [1][-]{section.4.3}{\376\377\0004\000.\0003\000\040\133\236\232\214\116\016\176\323\147\234}{chapter.4}% 41
\BOOKMARK [2][-]{subsection.4.3.1}{\376\377\0004\000.\0003\000.\0001\000\040\145\160\143\156\221\307\226\306\116\016\230\204\131\004\164\006}{section.4.3}% 42
\BOOKMARK [2][-]{subsection.4.3.2}{\376\377\0004\000.\0003\000.\0002\000\040\143\007\145\160\123\330\143\142\123\302\145\160\166\204\220\011\142\351}{section.4.3}% 43
\BOOKMARK [2][-]{subsection.4.3.3}{\376\377\0004\000.\0003\000.\0003\000\040\000K\000N\000N\116\055\217\321\220\273\145\160\000k\166\204\220\011\142\351}{section.4.3}% 44
\BOOKMARK [2][-]{subsection.4.3.4}{\376\377\0004\000.\0003\000.\0004\000\040\122\007\176\277\215\335\171\273\166\204\133\374\145\160\116\055\123\302\145\160\000N\166\204\220\011\142\351}{section.4.3}% 45
\BOOKMARK [2][-]{subsection.4.3.5}{\376\377\0004\000.\0003\000.\0005\000\040\122\007\176\277\215\335\171\273\133\232\117\115\145\110\147\234}{section.4.3}% 46
\BOOKMARK [1][-]{section.4.4}{\376\377\0004\000.\0004\000\040\147\054\172\340\134\017\176\323}{chapter.4}% 47
\BOOKMARK [0][]{chapter.5}{\376\377\173\054\0005\172\340\000\040\117\335\221\317\143\250\203\120\116\013\166\204\147\000\117\030\136\177\124\112\142\225\145\076\173\227\154\325}{ctitle.-1}% 48
\BOOKMARK [1][-]{section.5.1}{\376\377\0005\000.\0001\000\040\000P\000I\000K\000A\173\227\154\325\123\237\164\006}{chapter.5}% 49
\BOOKMARK [2][-]{subsection.5.1.1}{\376\377\0005\000.\0001\000.\0001\000\040\225\356\230\230\133\232\116\111}{section.5.1}% 50
\BOOKMARK [2][-]{subsection.5.1.2}{\376\377\0005\000.\0001\000.\0002\000\040\213\255\176\303\152\041\127\127}{section.5.1}% 51
\BOOKMARK [2][-]{subsection.5.1.3}{\376\377\0005\000.\0001\000.\0003\000\040\142\225\145\076\152\041\127\127}{section.5.1}% 52
\BOOKMARK [1][-]{section.5.2}{\376\377\0005\000.\0002\000\040\135\345\172\013\133\236\163\260\176\306\202\202}{chapter.5}% 53
\BOOKMARK [2][-]{subsection.5.2.1}{\376\377\0005\000.\0002\000.\0001\000\040\146\335\121\111\221\317\117\335\136\225\173\126\165\145}{section.5.2}% 54
\BOOKMARK [2][-]{subsection.5.2.2}{\376\377\0005\000.\0002\000.\0002\000\040\142\225\145\076\131\032\116\216\116\000\116\052\136\177\124\112}{section.5.2}% 55
\BOOKMARK [2][-]{subsection.5.2.3}{\376\377\0005\000.\0002\000.\0003\000\040\134\017\145\366\227\000\154\102\221\317}{section.5.2}% 56
\BOOKMARK [1][-]{section.5.3}{\376\377\0005\000.\0003\000\040\133\236\232\214\116\016\176\323\147\234}{chapter.5}% 57
\BOOKMARK [2][-]{subsection.5.3.1}{\376\377\0005\000.\0003\000.\0001\000\040\116\377\167\037\133\236\232\214}{section.5.3}% 58
\BOOKMARK [2][-]{subsection.5.3.2}{\376\377\0005\000.\0003\000.\0002\000\040\176\277\116\012\133\236\232\214\213\276\177\156}{section.5.3}% 59
\BOOKMARK [2][-]{subsection.5.3.3}{\376\377\0005\000.\0003\000.\0003\000\040\121\163\225\056\143\007\150\007}{section.5.3}% 60
\BOOKMARK [2][-]{subsection.5.3.4}{\376\377\0005\000.\0003\000.\0004\000\040\176\277\116\012\133\236\232\214\176\323\147\234}{section.5.3}% 61
\BOOKMARK [1][-]{section.5.4}{\376\377\0005\000.\0004\000\040\147\054\172\340\134\017\176\323}{chapter.5}% 62
\BOOKMARK [0][]{chapter.6}{\376\377\173\054\0006\172\340\000\040\176\323\213\272\116\016\134\125\147\033}{ctitle.-1}% 63
\BOOKMARK [1][-]{section.6.1}{\376\377\0006\000.\0001\000\040\116\073\211\201\135\345\117\134\123\312\215\041\163\056}{chapter.6}% 64
\BOOKMARK [1][-]{section.6.2}{\376\377\0006\000.\0002\000\040\217\333\116\000\153\145\135\345\117\134\134\125\147\033}{chapter.6}% 65
\BOOKMARK [0][]{section*.31}{\376\377\143\322\126\376\175\042\137\025}{ctitle.-1}% 66
\BOOKMARK [0][]{section*.33}{\376\377\210\150\150\074\175\042\137\025}{ctitle.-1}% 67
\BOOKMARK [0][]{section*.35}{\376\377\121\154\137\017\175\042\137\025}{ctitle.-1}% 68
\BOOKMARK [0][]{section*.37}{\376\377\123\302\200\003\145\207\163\056}{ctitle.-1}% 69
\BOOKMARK [0][]{section*.39}{\376\377\201\364\000\040\214\042}{ctitle.-1}% 70
\BOOKMARK [0][]{section*.41}{\376\377\130\360\000\040\146\016}{ctitle.-1}% 71
\BOOKMARK [0][]{appendix.A}{\376\377\226\104\137\125\000\040\000A\000\040\117\235\147\037\147\033\221\307\150\067\166\204\213\301\146\016}{ctitle.-1}% 72
\BOOKMARK [0][]{section*.45}{\376\377\116\052\116\272\173\200\123\206\060\001\127\050\133\146\147\037\225\364\123\321\210\150\166\204\133\146\147\057\213\272\145\207\116\016\170\024\172\166\142\020\147\234}{ctitle.-1}% 73
